Warning message:
In normalizePath(path.expand(path), winslash, mustWork) :
  path[1]="U:": The network path was not found
Warning message:
In normalizePath(path.expand(path), winslash, mustWork) :
  path[1]="U:": The network path was not found
Warning message:
In normalizePath(path.expand(path), winslash, mustWork) :
  path[1]="U:": The network path was not found
Warning message:
In normalizePath(path.expand(path), winslash, mustWork) :
  path[1]="U:": The network path was not found
Warning message:
In normalizePath(path.expand(path), winslash, mustWork) :
  path[1]="U:": The network path was not found
C:\R_projects\dict\_initial_draft.R:21:10: style: Place a space before left parenthesis, except in a function call.
  slice(-(c(137, 138, 152)))
         ^
Styling  1  files:
 token_generation.R ⚠ 
────────────────────────────────────────
Status	Count	Legend 
✔ 	0	File unchanged.
ℹ 	0	File changed.
✖ 	1	Styling threw an error.
────────────────────────────────────────
Warning messages:
1: In file(con, "r") :
  cannot open file 'token_generation.R': No such file or directory
2: When processing token_generation.R: cannot open the connection 
Rows: 200 Columns: 1
── Column specification ────────────────────────────────────────────────────────
Delimiter: ","
chr (1): Animus - feeling of ill will or hostility

ℹ Use `spec()` to retrieve the full column specification for this data.
ℹ Specify the column types or set `show_col_types = FALSE` to quiet this message.
Rows: 15428 Columns: 1
── Column specification ────────────────────────────────────────────────────────
Delimiter: ","
chr (1): P () the sixteenth letter of the English alphabet, is a nonvocal co...

ℹ Use `spec()` to retrieve the full column specification for this data.
ℹ Specify the column types or set `show_col_types = FALSE` to quiet this message.
[1] 0
Warning message:
In normalizePath(path.expand(path), winslash, mustWork) :
  path[1]="U:": The network path was not found
Warning message:
In normalizePath(path.expand(path), winslash, mustWork) :
  path[1]="U:": The network path was not found
Warning message:
In normalizePath(path.expand(path), winslash, mustWork) :
  path[1]="U:": The network path was not found
Warning message:
In normalizePath(path.expand(path), winslash, mustWork) :
  path[1]="U:": The network path was not found
Warning message:
In normalizePath(path.expand(path), winslash, mustWork) :
  path[1]="U:": The network path was not found
C:\R_projects\dict\_initial_draft.R:21:10: style: Place a space before left parenthesis, except in a function call.
  slice(-(c(137, 138, 152)))
         ^
Styling  1  files:
 token_generation.R ⚠ 
────────────────────────────────────────
Status	Count	Legend 
✔ 	0	File unchanged.
ℹ 	0	File changed.
✖ 	1	Styling threw an error.
────────────────────────────────────────
Warning messages:
1: In file(con, "r") :
  cannot open file 'token_generation.R': No such file or directory
2: When processing token_generation.R: cannot open the connection 
Rows: 200 Columns: 1
── Column specification ────────────────────────────────────────────────────────
Delimiter: ","
chr (1): Animus - feeling of ill will or hostility

ℹ Use `spec()` to retrieve the full column specification for this data.
ℹ Specify the column types or set `show_col_types = FALSE` to quiet this message.
Rows: 4456 Columns: 1
── Column specification ────────────────────────────────────────────────────────
Delimiter: ","
chr (1): W () the twenty-third letter of the English alphabet, is usually a ...

ℹ Use `spec()` to retrieve the full column specification for this data.
ℹ Specify the column types or set `show_col_types = FALSE` to quiet this message.
[1] 0
Warning message:
In normalizePath(path.expand(path), winslash, mustWork) :
  path[1]="U:": The network path was not found
Warning message:
In normalizePath(path.expand(path), winslash, mustWork) :
  path[1]="U:": The network path was not found
Warning message:
In normalizePath(path.expand(path), winslash, mustWork) :
  path[1]="U:": The network path was not found
Warning message:
In normalizePath(path.expand(path), winslash, mustWork) :
  path[1]="U:": The network path was not found
Warning message:
In normalizePath(path.expand(path), winslash, mustWork) :
  path[1]="U:": The network path was not found
C:\R_projects\dict\_initial_draft.R:21:10: style: Place a space before left parenthesis, except in a function call.
  slice(-(c(137, 138, 152)))
         ^
Styling  1  files:
 token_generation.R ⚠ 
────────────────────────────────────────
Status	Count	Legend 
✔ 	0	File unchanged.
ℹ 	0	File changed.
✖ 	1	Styling threw an error.
────────────────────────────────────────
Warning messages:
1: In file(con, "r") :
  cannot open file 'token_generation.R': No such file or directory
2: When processing token_generation.R: cannot open the connection 
Rows: 200 Columns: 1
── Column specification ────────────────────────────────────────────────────────
Delimiter: ","
chr (1): Animus - feeling of ill will or hostility

ℹ Use `spec()` to retrieve the full column specification for this data.
ℹ Specify the column types or set `show_col_types = FALSE` to quiet this message.
Rows: 21503 Columns: 1
── Column specification ────────────────────────────────────────────────────────
Delimiter: ","
chr (1): S () the nineteenth letter of the English alphabet, is a consonant,...

ℹ Use `spec()` to retrieve the full column specification for this data.
ℹ Specify the column types or set `show_col_types = FALSE` to quiet this message.
[1] 0
Warning message:
In normalizePath(path.expand(path), winslash, mustWork) :
  path[1]="U:": The network path was not found
Warning message:
In normalizePath(path.expand(path), winslash, mustWork) :
  path[1]="U:": The network path was not found
Warning message:
In normalizePath(path.expand(path), winslash, mustWork) :
  path[1]="U:": The network path was not found
Warning message:
In normalizePath(path.expand(path), winslash, mustWork) :
  path[1]="U:": The network path was not found
Warning message:
In normalizePath(path.expand(path), winslash, mustWork) :
  path[1]="U:": The network path was not found
C:\R_projects\dict\_initial_draft.R:21:10: style: Place a space before left parenthesis, except in a function call.
  slice(-(c(137, 138, 152)))
         ^
Styling  1  files:
 token_generation.R ⚠ 
────────────────────────────────────────
Status	Count	Legend 
✔ 	0	File unchanged.
ℹ 	0	File changed.
✖ 	1	Styling threw an error.
────────────────────────────────────────
Warning messages:
1: In file(con, "r") :
  cannot open file 'token_generation.R': No such file or directory
2: When processing token_generation.R: cannot open the connection 
Rows: 200 Columns: 1
── Column specification ────────────────────────────────────────────────────────
Delimiter: ","
chr (1): Animus - feeling of ill will or hostility

ℹ Use `spec()` to retrieve the full column specification for this data.
ℹ Specify the column types or set `show_col_types = FALSE` to quiet this message.
Rows: 16735 Columns: 1
── Column specification ────────────────────────────────────────────────────────
Delimiter: ","
chr (1): C () C is the third letter of the English alphabet. It is from the ...

ℹ Use `spec()` to retrieve the full column specification for this data.
ℹ Specify the column types or set `show_col_types = FALSE` to quiet this message.
[1] 0
Warning message:
In normalizePath(path.expand(path), winslash, mustWork) :
  path[1]="U:": The network path was not found
Warning message:
In normalizePath(path.expand(path), winslash, mustWork) :
  path[1]="U:": The network path was not found
Warning message:
In normalizePath(path.expand(path), winslash, mustWork) :
  path[1]="U:": The network path was not found
Warning message:
In normalizePath(path.expand(path), winslash, mustWork) :
  path[1]="U:": The network path was not found
Warning message:
In normalizePath(path.expand(path), winslash, mustWork) :
  path[1]="U:": The network path was not found
C:\R_projects\dict\_initial_draft.R:21:10: style: Place a space before left parenthesis, except in a function call.
  slice(-(c(137, 138, 152)))
         ^
Styling  1  files:
 token_generation.R ⚠ 
────────────────────────────────────────
Status	Count	Legend 
✔ 	0	File unchanged.
ℹ 	0	File changed.
✖ 	1	Styling threw an error.
────────────────────────────────────────
Warning messages:
1: In file(con, "r") :
  cannot open file 'token_generation.R': No such file or directory
2: When processing token_generation.R: cannot open the connection 
Rows: 200 Columns: 1
── Column specification ────────────────────────────────────────────────────────
Delimiter: ","
chr (1): Animus - feeling of ill will or hostility

ℹ Use `spec()` to retrieve the full column specification for this data.
ℹ Specify the column types or set `show_col_types = FALSE` to quiet this message.
Rows: 5813 Columns: 1
── Column specification ────────────────────────────────────────────────────────
Delimiter: ","
chr (1): L () L is the twelfth letter of the English alphabet, and a vocal c...

ℹ Use `spec()` to retrieve the full column specification for this data.
ℹ Specify the column types or set `show_col_types = FALSE` to quiet this message.
[1] 0
Warning message:
In normalizePath(path.expand(path), winslash, mustWork) :
  path[1]="U:": The network path was not found
Warning message:
In normalizePath(path.expand(path), winslash, mustWork) :
  path[1]="U:": The network path was not found
Warning message:
In normalizePath(path.expand(path), winslash, mustWork) :
  path[1]="U:": The network path was not found
Warning message:
In normalizePath(path.expand(path), winslash, mustWork) :
  path[1]="U:": The network path was not found
Warning message:
In normalizePath(path.expand(path), winslash, mustWork) :
  path[1]="U:": The network path was not found
C:\R_projects\dict\_initial_draft.R:21:10: style: Place a space before left parenthesis, except in a function call.
  slice(-(c(137, 138, 152)))
         ^
Styling  1  files:
 token_generation.R ⚠ 
────────────────────────────────────────
Status	Count	Legend 
✔ 	0	File unchanged.
ℹ 	0	File changed.
✖ 	1	Styling threw an error.
────────────────────────────────────────
Warning messages:
1: In file(con, "r") :
  cannot open file 'token_generation.R': No such file or directory
2: When processing token_generation.R: cannot open the connection 
Rows: 200 Columns: 1
── Column specification ────────────────────────────────────────────────────────
Delimiter: ","
chr (1): Animus - feeling of ill will or hostility

ℹ Use `spec()` to retrieve the full column specification for this data.
ℹ Specify the column types or set `show_col_types = FALSE` to quiet this message.
Rows: 21503 Columns: 1
── Column specification ────────────────────────────────────────────────────────
Delimiter: ","
chr (1): S () the nineteenth letter of the English alphabet, is a consonant,...

ℹ Use `spec()` to retrieve the full column specification for this data.
ℹ Specify the column types or set `show_col_types = FALSE` to quiet this message.
[1] 0
Warning message:
In normalizePath(path.expand(path), winslash, mustWork) :
  path[1]="U:": The network path was not found
Warning message:
In normalizePath(path.expand(path), winslash, mustWork) :
  path[1]="U:": The network path was not found
Warning message:
In normalizePath(path.expand(path), winslash, mustWork) :
  path[1]="U:": The network path was not found
Warning message:
In normalizePath(path.expand(path), winslash, mustWork) :
  path[1]="U:": The network path was not found
Warning message:
In normalizePath(path.expand(path), winslash, mustWork) :
  path[1]="U:": The network path was not found
C:\R_projects\dict\_initial_draft.R:21:10: style: Place a space before left parenthesis, except in a function call.
  slice(-(c(137, 138, 152)))
         ^
Styling  1  files:
 token_generation.R ⚠ 
────────────────────────────────────────
Status	Count	Legend 
✔ 	0	File unchanged.
ℹ 	0	File changed.
✖ 	1	Styling threw an error.
────────────────────────────────────────
Warning messages:
1: In file(con, "r") :
  cannot open file 'token_generation.R': No such file or directory
2: When processing token_generation.R: cannot open the connection 
Rows: 200 Columns: 1
── Column specification ────────────────────────────────────────────────────────
Delimiter: ","
chr (1): Animus - feeling of ill will or hostility

ℹ Use `spec()` to retrieve the full column specification for this data.
ℹ Specify the column types or set `show_col_types = FALSE` to quiet this message.
Rows: 5813 Columns: 1
── Column specification ────────────────────────────────────────────────────────
Delimiter: ","
chr (1): L () L is the twelfth letter of the English alphabet, and a vocal c...

ℹ Use `spec()` to retrieve the full column specification for this data.
ℹ Specify the column types or set `show_col_types = FALSE` to quiet this message.
[1] 0
Warning message:
In normalizePath(path.expand(path), winslash, mustWork) :
  path[1]="U:": The network path was not found
Warning message:
In normalizePath(path.expand(path), winslash, mustWork) :
  path[1]="U:": The network path was not found
Warning message:
In normalizePath(path.expand(path), winslash, mustWork) :
  path[1]="U:": The network path was not found
Warning message:
In normalizePath(path.expand(path), winslash, mustWork) :
  path[1]="U:": The network path was not found
Warning message:
In normalizePath(path.expand(path), winslash, mustWork) :
  path[1]="U:": The network path was not found
C:\R_projects\dict\_initial_draft.R:21:10: style: Place a space before left parenthesis, except in a function call.
  slice(-(c(137, 138, 152)))
         ^
Styling  1  files:
 token_generation.R ⚠ 
────────────────────────────────────────
Status	Count	Legend 
✔ 	0	File unchanged.
ℹ 	0	File changed.
✖ 	1	Styling threw an error.
────────────────────────────────────────
Warning messages:
1: In file(con, "r") :
  cannot open file 'token_generation.R': No such file or directory
2: When processing token_generation.R: cannot open the connection 
Rows: 200 Columns: 1
── Column specification ────────────────────────────────────────────────────────
Delimiter: ","
chr (1): Animus - feeling of ill will or hostility

ℹ Use `spec()` to retrieve the full column specification for this data.
ℹ Specify the column types or set `show_col_types = FALSE` to quiet this message.
Rows: 8909 Columns: 1
── Column specification ────────────────────────────────────────────────────────
Delimiter: ","
chr (1): R () R, the eighteenth letter of the English alphabet, is a vocal c...

ℹ Use `spec()` to retrieve the full column specification for this data.
ℹ Specify the column types or set `show_col_types = FALSE` to quiet this message.
[1] 0
Warning message:
In normalizePath(path.expand(path), winslash, mustWork) :
  path[1]="U:": The network path was not found
Warning message:
In normalizePath(path.expand(path), winslash, mustWork) :
  path[1]="U:": The network path was not found
Warning message:
In normalizePath(path.expand(path), winslash, mustWork) :
  path[1]="U:": The network path was not found
Warning message:
In normalizePath(path.expand(path), winslash, mustWork) :
  path[1]="U:": The network path was not found
Warning message:
In normalizePath(path.expand(path), winslash, mustWork) :
  path[1]="U:": The network path was not found
C:\R_projects\dict\_initial_draft.R:21:10: style: Place a space before left parenthesis, except in a function call.
  slice(-(c(137, 138, 152)))
         ^
Styling  1  files:
 token_generation.R ⚠ 
────────────────────────────────────────
Status	Count	Legend 
✔ 	0	File unchanged.
ℹ 	0	File changed.
✖ 	1	Styling threw an error.
────────────────────────────────────────
Warning messages:
1: In file(con, "r") :
  cannot open file 'token_generation.R': No such file or directory
2: When processing token_generation.R: cannot open the connection 
Rows: 200 Columns: 1
── Column specification ────────────────────────────────────────────────────────
Delimiter: ","
chr (1): Animus - feeling of ill will or hostility

ℹ Use `spec()` to retrieve the full column specification for this data.
ℹ Specify the column types or set `show_col_types = FALSE` to quiet this message.
Rows: 7519 Columns: 1
── Column specification ────────────────────────────────────────────────────────
Delimiter: ","
chr (1): E () The fifth letter of the English alphabet.

ℹ Use `spec()` to retrieve the full column specification for this data.
ℹ Specify the column types or set `show_col_types = FALSE` to quiet this message.
[1] 0
Warning message:
In normalizePath(path.expand(path), winslash, mustWork) :
  path[1]="U:": The network path was not found
Warning message:
In normalizePath(path.expand(path), winslash, mustWork) :
  path[1]="U:": The network path was not found
Warning message:
In normalizePath(path.expand(path), winslash, mustWork) :
  path[1]="U:": The network path was not found
Warning message:
In normalizePath(path.expand(path), winslash, mustWork) :
  path[1]="U:": The network path was not found
Warning message:
In normalizePath(path.expand(path), winslash, mustWork) :
  path[1]="U:": The network path was not found
C:\R_projects\dict\_initial_draft.R:21:10: style: Place a space before left parenthesis, except in a function call.
  slice(-(c(137, 138, 152)))
         ^
Styling  1  files:
 token_generation.R ⚠ 
────────────────────────────────────────
Status	Count	Legend 
✔ 	0	File unchanged.
ℹ 	0	File changed.
✖ 	1	Styling threw an error.
────────────────────────────────────────
Warning messages:
1: In file(con, "r") :
  cannot open file 'token_generation.R': No such file or directory
2: When processing token_generation.R: cannot open the connection 
Rows: 200 Columns: 1
── Column specification ────────────────────────────────────────────────────────
Delimiter: ","
chr (1): Animus - feeling of ill will or hostility

ℹ Use `spec()` to retrieve the full column specification for this data.
ℹ Specify the column types or set `show_col_types = FALSE` to quiet this message.
Rows: 11615 Columns: 1
── Column specification ────────────────────────────────────────────────────────
Delimiter: ","
chr (1): A () The first letter of the English and of many other alphabets. T...

ℹ Use `spec()` to retrieve the full column specification for this data.
ℹ Specify the column types or set `show_col_types = FALSE` to quiet this message.
[1] 0
Warning message:
In normalizePath(path.expand(path), winslash, mustWork) :
  path[1]="U:": The network path was not found
Warning message:
In normalizePath(path.expand(path), winslash, mustWork) :
  path[1]="U:": The network path was not found
Warning message:
In normalizePath(path.expand(path), winslash, mustWork) :
  path[1]="U:": The network path was not found
Warning message:
In normalizePath(path.expand(path), winslash, mustWork) :
  path[1]="U:": The network path was not found
Warning message:
In normalizePath(path.expand(path), winslash, mustWork) :
  path[1]="U:": The network path was not found
C:\R_projects\dict\_initial_draft.R:21:10: style: Place a space before left parenthesis, except in a function call.
  slice(-(c(137, 138, 152)))
         ^
Styling  1  files:
 token_generation.R ⚠ 
────────────────────────────────────────
Status	Count	Legend 
✔ 	0	File unchanged.
ℹ 	0	File changed.
✖ 	1	Styling threw an error.
────────────────────────────────────────
Warning messages:
1: In file(con, "r") :
  cannot open file 'token_generation.R': No such file or directory
2: When processing token_generation.R: cannot open the connection 
^C^CWarning message:
In normalizePath(path.expand(path), winslash, mustWork) :
  path[1]="U:": The network path was not found
Warning message:
In normalizePath(path.expand(path), winslash, mustWork) :
  path[1]="U:": The network path was not found
Warning message:
In normalizePath(path.expand(path), winslash, mustWork) :
  path[1]="U:": The network path was not found
Warning message:
In normalizePath(path.expand(path), winslash, mustWork) :
  path[1]="U:": The network path was not found
Warning message:
In normalizePath(path.expand(path), winslash, mustWork) :
  path[1]="U:": The network path was not found
C:\R_projects\dict\_initial_draft.R:21:10: style: Place a space before left parenthesis, except in a function call.
  slice(-(c(137, 138, 152)))
         ^
Styling  1  files:
 token_generation.R ⚠ 
────────────────────────────────────────
Status	Count	Legend 
✔ 	0	File unchanged.
ℹ 	0	File changed.
✖ 	1	Styling threw an error.
────────────────────────────────────────
Warning messages:
1: In file(con, "r") :
  cannot open file 'token_generation.R': No such file or directory
2: When processing token_generation.R: cannot open the connection 
Rows: 200 Columns: 1
── Column specification ────────────────────────────────────────────────────────
Delimiter: ","
chr (1): Animus - feeling of ill will or hostility

ℹ Use `spec()` to retrieve the full column specification for this data.
ℹ Specify the column types or set `show_col_types = FALSE` to quiet this message.
Rows: 21503 Columns: 1
── Column specification ────────────────────────────────────────────────────────
Delimiter: ","
chr (1): S () the nineteenth letter of the English alphabet, is a consonant,...

ℹ Use `spec()` to retrieve the full column specification for this data.
ℹ Specify the column types or set `show_col_types = FALSE` to quiet this message.
[1] 0
Warning message:
In normalizePath(path.expand(path), winslash, mustWork) :
  path[1]="U:": The network path was not found
Warning message:
In normalizePath(path.expand(path), winslash, mustWork) :
  path[1]="U:": The network path was not found
Warning message:
In normalizePath(path.expand(path), winslash, mustWork) :
  path[1]="U:": The network path was not found
Warning message:
In normalizePath(path.expand(path), winslash, mustWork) :
  path[1]="U:": The network path was not found
Warning message:
In normalizePath(path.expand(path), winslash, mustWork) :
  path[1]="U:": The network path was not found
C:\R_projects\dict\_initial_draft.R:21:10: style: Place a space before left parenthesis, except in a function call.
  slice(-(c(137, 138, 152)))
         ^
Styling  1  files:
 token_generation.R ⚠ 
────────────────────────────────────────
Status	Count	Legend 
✔ 	0	File unchanged.
ℹ 	0	File changed.
✖ 	1	Styling threw an error.
────────────────────────────────────────
Warning messages:
1: In file(con, "r") :
  cannot open file 'token_generation.R': No such file or directory
2: When processing token_generation.R: cannot open the connection 
Rows: 200 Columns: 1
── Column specification ────────────────────────────────────────────────────────
Delimiter: ","
chr (1): Animus - feeling of ill will or hostility

ℹ Use `spec()` to retrieve the full column specification for this data.
ℹ Specify the column types or set `show_col_types = FALSE` to quiet this message.
Rows: 15428 Columns: 1
── Column specification ────────────────────────────────────────────────────────
Delimiter: ","
chr (1): P () the sixteenth letter of the English alphabet, is a nonvocal co...

ℹ Use `spec()` to retrieve the full column specification for this data.
ℹ Specify the column types or set `show_col_types = FALSE` to quiet this message.
[1] 0
Warning message:
In normalizePath(path.expand(path), winslash, mustWork) :
  path[1]="U:": The network path was not found
Warning message:
In normalizePath(path.expand(path), winslash, mustWork) :
  path[1]="U:": The network path was not found
Warning message:
In normalizePath(path.expand(path), winslash, mustWork) :
  path[1]="U:": The network path was not found
Warning message:
In normalizePath(path.expand(path), winslash, mustWork) :
  path[1]="U:": The network path was not found
Warning message:
In normalizePath(path.expand(path), winslash, mustWork) :
  path[1]="U:": The network path was not found
C:\R_projects\dict\_initial_draft.R:21:10: style: Place a space before left parenthesis, except in a function call.
  slice(-(c(137, 138, 152)))
         ^
Styling  1  files:
 token_generation.R ⚠ 
────────────────────────────────────────
Status	Count	Legend 
✔ 	0	File unchanged.
ℹ 	0	File changed.
✖ 	1	Styling threw an error.
────────────────────────────────────────
Warning messages:
1: In file(con, "r") :
  cannot open file 'token_generation.R': No such file or directory
2: When processing token_generation.R: cannot open the connection 
Rows: 200 Columns: 1
── Column specification ────────────────────────────────────────────────────────
Delimiter: ","
chr (1): Animus - feeling of ill will or hostility

ℹ Use `spec()` to retrieve the full column specification for this data.
ℹ Specify the column types or set `show_col_types = FALSE` to quiet this message.
Rows: 10805 Columns: 1
Error in nchar(x, "width") : invalid multibyte string, element 1
Calls: %>% ... summary -> summary.col_spec -> vapply -> FUN -> <Anonymous>
Execution halted
Warning message:
In normalizePath(path.expand(path), winslash, mustWork) :
  path[1]="U:": The network path was not found
Warning message:
In normalizePath(path.expand(path), winslash, mustWork) :
  path[1]="U:": The network path was not found
Warning message:
In normalizePath(path.expand(path), winslash, mustWork) :
  path[1]="U:": The network path was not found
Warning message:
In normalizePath(path.expand(path), winslash, mustWork) :
  path[1]="U:": The network path was not found
Warning message:
In normalizePath(path.expand(path), winslash, mustWork) :
  path[1]="U:": The network path was not found
C:\R_projects\dict\_initial_draft.R:21:10: style: Place a space before left parenthesis, except in a function call.
  slice(-(c(137, 138, 152)))
         ^
Styling  1  files:
 token_generation.R ⚠ 
────────────────────────────────────────
Status	Count	Legend 
✔ 	0	File unchanged.
ℹ 	0	File changed.
✖ 	1	Styling threw an error.
────────────────────────────────────────
Warning messages:
1: In file(con, "r") :
  cannot open file 'token_generation.R': No such file or directory
2: When processing token_generation.R: cannot open the connection 
Rows: 200 Columns: 1
── Column specification ────────────────────────────────────────────────────────
Delimiter: ","
chr (1): Animus - feeling of ill will or hostility

ℹ Use `spec()` to retrieve the full column specification for this data.
ℹ Specify the column types or set `show_col_types = FALSE` to quiet this message.
Rows: 21503 Columns: 1
── Column specification ────────────────────────────────────────────────────────
Delimiter: ","
chr (1): S () the nineteenth letter of the English alphabet, is a consonant,...

ℹ Use `spec()` to retrieve the full column specification for this data.
ℹ Specify the column types or set `show_col_types = FALSE` to quiet this message.
[1] 0
Warning message:
In normalizePath(path.expand(path), winslash, mustWork) :
  path[1]="U:": The network path was not found
Warning message:
In normalizePath(path.expand(path), winslash, mustWork) :
  path[1]="U:": The network path was not found
Warning message:
In normalizePath(path.expand(path), winslash, mustWork) :
  path[1]="U:": The network path was not found
Warning message:
In normalizePath(path.expand(path), winslash, mustWork) :
  path[1]="U:": The network path was not found
Warning message:
In normalizePath(path.expand(path), winslash, mustWork) :
  path[1]="U:": The network path was not found
C:\R_projects\dict\_initial_draft.R:21:10: style: Place a space before left parenthesis, except in a function call.
  slice(-(c(137, 138, 152)))
         ^
Styling  1  files:
 token_generation.R ⚠ 
────────────────────────────────────────
Status	Count	Legend 
✔ 	0	File unchanged.
ℹ 	0	File changed.
✖ 	1	Styling threw an error.
────────────────────────────────────────
Warning messages:
1: In file(con, "r") :
  cannot open file 'token_generation.R': No such file or directory
2: When processing token_generation.R: cannot open the connection 
Rows: 200 Columns: 1
── Column specification ────────────────────────────────────────────────────────
Delimiter: ","
chr (1): Animus - feeling of ill will or hostility

ℹ Use `spec()` to retrieve the full column specification for this data.
ℹ Specify the column types or set `show_col_types = FALSE` to quiet this message.
Rows: 9284 Columns: 1
── Column specification ────────────────────────────────────────────────────────
Delimiter: ","
chr (1): T () the twentieth letter of the English alphabet, is a nonvocal co...

ℹ Use `spec()` to retrieve the full column specification for this data.
ℹ Specify the column types or set `show_col_types = FALSE` to quiet this message.
[1] 0
Warning message:
In normalizePath(path.expand(path), winslash, mustWork) :
  path[1]="U:": The network path was not found
Warning message:
In normalizePath(path.expand(path), winslash, mustWork) :
  path[1]="U:": The network path was not found
Warning message:
In normalizePath(path.expand(path), winslash, mustWork) :
  path[1]="U:": The network path was not found
Warning message:
In normalizePath(path.expand(path), winslash, mustWork) :
  path[1]="U:": The network path was not found
Warning message:
In normalizePath(path.expand(path), winslash, mustWork) :
  path[1]="U:": The network path was not found
C:\R_projects\dict\_initial_draft.R:21:10: style: Place a space before left parenthesis, except in a function call.
  slice(-(c(137, 138, 152)))
         ^
Styling  1  files:
 token_generation.R ⚠ 
────────────────────────────────────────
Status	Count	Legend 
✔ 	0	File unchanged.
ℹ 	0	File changed.
✖ 	1	Styling threw an error.
────────────────────────────────────────
Warning messages:
1: In file(con, "r") :
  cannot open file 'token_generation.R': No such file or directory
2: When processing token_generation.R: cannot open the connection 
Rows: 200 Columns: 1
── Column specification ────────────────────────────────────────────────────────
Delimiter: ","
chr (1): Animus - feeling of ill will or hostility

ℹ Use `spec()` to retrieve the full column specification for this data.
ℹ Specify the column types or set `show_col_types = FALSE` to quiet this message.
Rows: 7418 Columns: 1
── Column specification ────────────────────────────────────────────────────────
Delimiter: ","
chr (1): F () F is the sixth letter of the English alphabet, and a nonvocal ...

ℹ Use `spec()` to retrieve the full column specification for this data.
ℹ Specify the column types or set `show_col_types = FALSE` to quiet this message.
[1] 0
Warning message:
In normalizePath(path.expand(path), winslash, mustWork) :
  path[1]="U:": The network path was not found
Warning message:
In normalizePath(path.expand(path), winslash, mustWork) :
  path[1]="U:": The network path was not found
Warning message:
In normalizePath(path.expand(path), winslash, mustWork) :
  path[1]="U:": The network path was not found
Warning message:
In normalizePath(path.expand(path), winslash, mustWork) :
  path[1]="U:": The network path was not found
Warning message:
In normalizePath(path.expand(path), winslash, mustWork) :
  path[1]="U:": The network path was not found
C:\R_projects\dict\_initial_draft.R:21:10: style: Place a space before left parenthesis, except in a function call.
  slice(-(c(137, 138, 152)))
         ^
Styling  1  files:
 token_generation.R ⚠ 
────────────────────────────────────────
Status	Count	Legend 
✔ 	0	File unchanged.
ℹ 	0	File changed.
✖ 	1	Styling threw an error.
────────────────────────────────────────
Warning messages:
1: In file(con, "r") :
  cannot open file 'token_generation.R': No such file or directory
2: When processing token_generation.R: cannot open the connection 
Rows: 200 Columns: 1
── Column specification ────────────────────────────────────────────────────────
Delimiter: ","
chr (1): Animus - feeling of ill will or hostility

ℹ Use `spec()` to retrieve the full column specification for this data.
ℹ Specify the column types or set `show_col_types = FALSE` to quiet this message.
Rows: 11615 Columns: 1
── Column specification ────────────────────────────────────────────────────────
Delimiter: ","
chr (1): A () The first letter of the English and of many other alphabets. T...

ℹ Use `spec()` to retrieve the full column specification for this data.
ℹ Specify the column types or set `show_col_types = FALSE` to quiet this message.
[1] 0
Warning message:
In normalizePath(path.expand(path), winslash, mustWork) :
  path[1]="U:": The network path was not found
Warning message:
In normalizePath(path.expand(path), winslash, mustWork) :
  path[1]="U:": The network path was not found
Warning message:
In normalizePath(path.expand(path), winslash, mustWork) :
  path[1]="U:": The network path was not found
Warning message:
In normalizePath(path.expand(path), winslash, mustWork) :
  path[1]="U:": The network path was not found
Warning message:
In normalizePath(path.expand(path), winslash, mustWork) :
  path[1]="U:": The network path was not found
C:\R_projects\dict\_initial_draft.R:21:10: style: Place a space before left parenthesis, except in a function call.
  slice(-(c(137, 138, 152)))
         ^
Styling  1  files:
 token_generation.R ⚠ 
────────────────────────────────────────
Status	Count	Legend 
✔ 	0	File unchanged.
ℹ 	0	File changed.
✖ 	1	Styling threw an error.
────────────────────────────────────────
Warning messages:
1: In file(con, "r") :
  cannot open file 'token_generation.R': No such file or directory
2: When processing token_generation.R: cannot open the connection 
Rows: 200 Columns: 1
── Column specification ────────────────────────────────────────────────────────
Delimiter: ","
chr (1): Animus - feeling of ill will or hostility

ℹ Use `spec()` to retrieve the full column specification for this data.
ℹ Specify the column types or set `show_col_types = FALSE` to quiet this message.
Rows: 16735 Columns: 1
── Column specification ────────────────────────────────────────────────────────
Delimiter: ","
chr (1): C () C is the third letter of the English alphabet. It is from the ...

ℹ Use `spec()` to retrieve the full column specification for this data.
ℹ Specify the column types or set `show_col_types = FALSE` to quiet this message.
[1] 0
Warning message:
In normalizePath(path.expand(path), winslash, mustWork) :
  path[1]="U:": The network path was not found
Warning message:
In normalizePath(path.expand(path), winslash, mustWork) :
  path[1]="U:": The network path was not found
Warning message:
In normalizePath(path.expand(path), winslash, mustWork) :
  path[1]="U:": The network path was not found
Warning message:
In normalizePath(path.expand(path), winslash, mustWork) :
  path[1]="U:": The network path was not found
Warning message:
In normalizePath(path.expand(path), winslash, mustWork) :
  path[1]="U:": The network path was not found
C:\R_projects\dict\_initial_draft.R:21:10: style: Place a space before left parenthesis, except in a function call.
  slice(-(c(137, 138, 152)))
         ^
Styling  1  files:
 token_generation.R ⚠ 
────────────────────────────────────────
Status	Count	Legend 
✔ 	0	File unchanged.
ℹ 	0	File changed.
✖ 	1	Styling threw an error.
────────────────────────────────────────
Warning messages:
1: In file(con, "r") :
  cannot open file 'token_generation.R': No such file or directory
2: When processing token_generation.R: cannot open the connection 
Rows: 200 Columns: 1
── Column specification ────────────────────────────────────────────────────────
Delimiter: ","
chr (1): Animus - feeling of ill will or hostility

ℹ Use `spec()` to retrieve the full column specification for this data.
ℹ Specify the column types or set `show_col_types = FALSE` to quiet this message.
Rows: 2795 Columns: 1
── Column specification ────────────────────────────────────────────────────────
Delimiter: ","
chr (1): V () V, the twenty-second letter of the English alphabet, is a voca...

ℹ Use `spec()` to retrieve the full column specification for this data.
ℹ Specify the column types or set `show_col_types = FALSE` to quiet this message.
[1] 0
Warning message:
In normalizePath(path.expand(path), winslash, mustWork) :
  path[1]="U:": The network path was not found
Warning message:
In normalizePath(path.expand(path), winslash, mustWork) :
  path[1]="U:": The network path was not found
Warning message:
In normalizePath(path.expand(path), winslash, mustWork) :
  path[1]="U:": The network path was not found
Warning message:
In normalizePath(path.expand(path), winslash, mustWork) :
  path[1]="U:": The network path was not found
Warning message:
In normalizePath(path.expand(path), winslash, mustWork) :
  path[1]="U:": The network path was not found
C:\R_projects\dict\_initial_draft.R:21:10: style: Place a space before left parenthesis, except in a function call.
  slice(-(c(137, 138, 152)))
         ^
Styling  1  files:
 token_generation.R ⚠ 
────────────────────────────────────────
Status	Count	Legend 
✔ 	0	File unchanged.
ℹ 	0	File changed.
✖ 	1	Styling threw an error.
────────────────────────────────────────
Warning messages:
1: In file(con, "r") :
  cannot open file 'token_generation.R': No such file or directory
2: When processing token_generation.R: cannot open the connection 
Rows: 200 Columns: 1
── Column specification ────────────────────────────────────────────────────────
Delimiter: ","
chr (1): Animus - feeling of ill will or hostility

ℹ Use `spec()` to retrieve the full column specification for this data.
ℹ Specify the column types or set `show_col_types = FALSE` to quiet this message.
Rows: 21503 Columns: 1
── Column specification ────────────────────────────────────────────────────────
Delimiter: ","
chr (1): S () the nineteenth letter of the English alphabet, is a consonant,...

ℹ Use `spec()` to retrieve the full column specification for this data.
ℹ Specify the column types or set `show_col_types = FALSE` to quiet this message.
[1] 0
Warning message:
In normalizePath(path.expand(path), winslash, mustWork) :
  path[1]="U:": The network path was not found
Warning message:
In normalizePath(path.expand(path), winslash, mustWork) :
  path[1]="U:": The network path was not found
Warning message:
In normalizePath(path.expand(path), winslash, mustWork) :
  path[1]="U:": The network path was not found
Warning message:
In normalizePath(path.expand(path), winslash, mustWork) :
  path[1]="U:": The network path was not found
Warning message:
In normalizePath(path.expand(path), winslash, mustWork) :
  path[1]="U:": The network path was not found
C:\R_projects\dict\_initial_draft.R:21:10: style: Place a space before left parenthesis, except in a function call.
  slice(-(c(137, 138, 152)))
         ^
Styling  1  files:
 token_generation.R ⚠ 
────────────────────────────────────────
Status	Count	Legend 
✔ 	0	File unchanged.
ℹ 	0	File changed.
✖ 	1	Styling threw an error.
────────────────────────────────────────
Warning messages:
1: In file(con, "r") :
  cannot open file 'token_generation.R': No such file or directory
2: When processing token_generation.R: cannot open the connection 
Rows: 200 Columns: 1
── Column specification ────────────────────────────────────────────────────────
Delimiter: ","
chr (1): Animus - feeling of ill will or hostility

ℹ Use `spec()` to retrieve the full column specification for this data.
ℹ Specify the column types or set `show_col_types = FALSE` to quiet this message.
Rows: 7519 Columns: 1
── Column specification ────────────────────────────────────────────────────────
Delimiter: ","
chr (1): E () The fifth letter of the English alphabet.

ℹ Use `spec()` to retrieve the full column specification for this data.
ℹ Specify the column types or set `show_col_types = FALSE` to quiet this message.
[1] 0
Warning message:
In normalizePath(path.expand(path), winslash, mustWork) :
  path[1]="U:": The network path was not found
Warning message:
In normalizePath(path.expand(path), winslash, mustWork) :
  path[1]="U:": The network path was not found
Warning message:
In normalizePath(path.expand(path), winslash, mustWork) :
  path[1]="U:": The network path was not found
Warning message:
In normalizePath(path.expand(path), winslash, mustWork) :
  path[1]="U:": The network path was not found
Warning message:
In normalizePath(path.expand(path), winslash, mustWork) :
  path[1]="U:": The network path was not found
C:\R_projects\dict\_initial_draft.R:21:10: style: Place a space before left parenthesis, except in a function call.
  slice(-(c(137, 138, 152)))
         ^
Styling  1  files:
 token_generation.R ⚠ 
────────────────────────────────────────
Status	Count	Legend 
✔ 	0	File unchanged.
ℹ 	0	File changed.
✖ 	1	Styling threw an error.
────────────────────────────────────────
Warning messages:
1: In file(con, "r") :
  cannot open file 'token_generation.R': No such file or directory
2: When processing token_generation.R: cannot open the connection 
Rows: 200 Columns: 1
── Column specification ────────────────────────────────────────────────────────
Delimiter: ","
chr (1): Animus - feeling of ill will or hostility

ℹ Use `spec()` to retrieve the full column specification for this data.
ℹ Specify the column types or set `show_col_types = FALSE` to quiet this message.
Rows: 5813 Columns: 1
── Column specification ────────────────────────────────────────────────────────
Delimiter: ","
chr (1): L () L is the twelfth letter of the English alphabet, and a vocal c...

ℹ Use `spec()` to retrieve the full column specification for this data.
ℹ Specify the column types or set `show_col_types = FALSE` to quiet this message.
[1] 0
Warning message:
In normalizePath(path.expand(path), winslash, mustWork) :
  path[1]="U:": The network path was not found
Warning message:
In normalizePath(path.expand(path), winslash, mustWork) :
  path[1]="U:": The network path was not found
Warning message:
In normalizePath(path.expand(path), winslash, mustWork) :
  path[1]="U:": The network path was not found
Warning message:
In normalizePath(path.expand(path), winslash, mustWork) :
  path[1]="U:": The network path was not found
Warning message:
In normalizePath(path.expand(path), winslash, mustWork) :
  path[1]="U:": The network path was not found
C:\R_projects\dict\_initial_draft.R:21:10: style: Place a space before left parenthesis, except in a function call.
  slice(-(c(137, 138, 152)))
         ^
Styling  1  files:
 token_generation.R ⚠ 
────────────────────────────────────────
Status	Count	Legend 
✔ 	0	File unchanged.
ℹ 	0	File changed.
✖ 	1	Styling threw an error.
────────────────────────────────────────
Warning messages:
1: In file(con, "r") :
  cannot open file 'token_generation.R': No such file or directory
2: When processing token_generation.R: cannot open the connection 
Rows: 200 Columns: 1
── Column specification ────────────────────────────────────────────────────────
Delimiter: ","
chr (1): Animus - feeling of ill will or hostility

ℹ Use `spec()` to retrieve the full column specification for this data.
ℹ Specify the column types or set `show_col_types = FALSE` to quiet this message.
Rows: 11615 Columns: 1
── Column specification ────────────────────────────────────────────────────────
Delimiter: ","
chr (1): A () The first letter of the English and of many other alphabets. T...

ℹ Use `spec()` to retrieve the full column specification for this data.
ℹ Specify the column types or set `show_col_types = FALSE` to quiet this message.
[1] 0
Warning message:
In normalizePath(path.expand(path), winslash, mustWork) :
  path[1]="U:": The network path was not found
Warning message:
In normalizePath(path.expand(path), winslash, mustWork) :
  path[1]="U:": The network path was not found
Warning message:
In normalizePath(path.expand(path), winslash, mustWork) :
  path[1]="U:": The network path was not found
Warning message:
In normalizePath(path.expand(path), winslash, mustWork) :
  path[1]="U:": The network path was not found
Warning message:
In normalizePath(path.expand(path), winslash, mustWork) :
  path[1]="U:": The network path was not found
C:\R_projects\dict\_initial_draft.R:21:10: style: Place a space before left parenthesis, except in a function call.
  slice(-(c(137, 138, 152)))
         ^
Styling  1  files:
 token_generation.R ⚠ 
────────────────────────────────────────
Status	Count	Legend 
✔ 	0	File unchanged.
ℹ 	0	File changed.
✖ 	1	Styling threw an error.
────────────────────────────────────────
Warning messages:
1: In file(con, "r") :
  cannot open file 'token_generation.R': No such file or directory
2: When processing token_generation.R: cannot open the connection 
Rows: 200 Columns: 1
── Column specification ────────────────────────────────────────────────────────
Delimiter: ","
chr (1): Animus - feeling of ill will or hostility

ℹ Use `spec()` to retrieve the full column specification for this data.
ℹ Specify the column types or set `show_col_types = FALSE` to quiet this message.
Rows: 10805 Columns: 1
Error in nchar(x, "width") : invalid multibyte string, element 1
Calls: %>% ... summary -> summary.col_spec -> vapply -> FUN -> <Anonymous>
Execution halted
Warning message:
In normalizePath(path.expand(path), winslash, mustWork) :
  path[1]="U:": The network path was not found
Warning message:
In normalizePath(path.expand(path), winslash, mustWork) :
  path[1]="U:": The network path was not found
Warning message:
In normalizePath(path.expand(path), winslash, mustWork) :
  path[1]="U:": The network path was not found
Warning message:
In normalizePath(path.expand(path), winslash, mustWork) :
  path[1]="U:": The network path was not found
Warning message:
In normalizePath(path.expand(path), winslash, mustWork) :
  path[1]="U:": The network path was not found
C:\R_projects\dict\_initial_draft.R:21:10: style: Place a space before left parenthesis, except in a function call.
  slice(-(c(137, 138, 152)))
         ^
Styling  1  files:
 token_generation.R ⚠ 
────────────────────────────────────────
Status	Count	Legend 
✔ 	0	File unchanged.
ℹ 	0	File changed.
✖ 	1	Styling threw an error.
────────────────────────────────────────
Warning messages:
1: In file(con, "r") :
  cannot open file 'token_generation.R': No such file or directory
2: When processing token_generation.R: cannot open the connection 
Rows: 200 Columns: 1
── Column specification ────────────────────────────────────────────────────────
Delimiter: ","
chr (1): Animus - feeling of ill will or hostility

ℹ Use `spec()` to retrieve the full column specification for this data.
ℹ Specify the column types or set `show_col_types = FALSE` to quiet this message.
Rows: 7782 Columns: 1
── Column specification ────────────────────────────────────────────────────────
Delimiter: ","
chr (1): I () I, the ninth letter of the English alphabet, takes its form fr...

ℹ Use `spec()` to retrieve the full column specification for this data.
ℹ Specify the column types or set `show_col_types = FALSE` to quiet this message.
[1] 0
C:\R_projects\dict\_initial_draft.R:21:10: style: Place a space before left parenthesis, except in a function call.
  slice(-(c(137, 138, 152)))
         ^
Styling  1  files:
 token_generation.R ⚠ 
────────────────────────────────────────
Status	Count	Legend 
✔ 	0	File unchanged.
ℹ 	0	File changed.
✖ 	1	Styling threw an error.
────────────────────────────────────────
Warning messages:
1: In file(con, "r") :
  cannot open file 'token_generation.R': No such file or directory
2: When processing token_generation.R: cannot open the connection 
Rows: 200 Columns: 1
── Column specification ────────────────────────────────────────────────────────
Delimiter: ","
chr (1): Animus - feeling of ill will or hostility

ℹ Use `spec()` to retrieve the full column specification for this data.
ℹ Specify the column types or set `show_col_types = FALSE` to quiet this message.
Rows: 16735 Columns: 1
── Column specification ────────────────────────────────────────────────────────
Delimiter: ","
chr (1): C () C is the third letter of the English alphabet. It is from the ...

ℹ Use `spec()` to retrieve the full column specification for this data.
ℹ Specify the column types or set `show_col_types = FALSE` to quiet this message.
[1] 0
C:\R_projects\dict\_initial_draft.R:21:10: style: Place a space before left parenthesis, except in a function call.
  slice(-(c(137, 138, 152)))
         ^
Styling  1  files:
 token_generation.R ⚠ 
────────────────────────────────────────
Status	Count	Legend 
✔ 	0	File unchanged.
ℹ 	0	File changed.
✖ 	1	Styling threw an error.
────────────────────────────────────────
Warning messages:
1: In file(con, "r") :
  cannot open file 'token_generation.R': No such file or directory
2: When processing token_generation.R: cannot open the connection 
Rows: 200 Columns: 1
── Column specification ────────────────────────────────────────────────────────
Delimiter: ","
chr (1): Animus - feeling of ill will or hostility

ℹ Use `spec()` to retrieve the full column specification for this data.
ℹ Specify the column types or set `show_col_types = FALSE` to quiet this message.
Rows: 8909 Columns: 1
── Column specification ────────────────────────────────────────────────────────
Delimiter: ","
chr (1): R () R, the eighteenth letter of the English alphabet, is a vocal c...

ℹ Use `spec()` to retrieve the full column specification for this data.
ℹ Specify the column types or set `show_col_types = FALSE` to quiet this message.
[1] 0
C:\R_projects\dict\_initial_draft.R:21:10: style: Place a space before left parenthesis, except in a function call.
  slice(-(c(137, 138, 152)))
         ^
Styling  1  files:
 token_generation.R ⚠ 
────────────────────────────────────────
Status	Count	Legend 
✔ 	0	File unchanged.
ℹ 	0	File changed.
✖ 	1	Styling threw an error.
────────────────────────────────────────
Warning messages:
1: In file(con, "r") :
  cannot open file 'token_generation.R': No such file or directory
2: When processing token_generation.R: cannot open the connection 
Rows: 200 Columns: 1
── Column specification ────────────────────────────────────────────────────────
Delimiter: ","
chr (1): Animus - feeling of ill will or hostility

ℹ Use `spec()` to retrieve the full column specification for this data.
ℹ Specify the column types or set `show_col_types = FALSE` to quiet this message.
Rows: 9876 Columns: 1
── Column specification ────────────────────────────────────────────────────────
Delimiter: ","
chr (1): B () is the second letter of the English alphabet. (See Guide to Pr...

ℹ Use `spec()` to retrieve the full column specification for this data.
ℹ Specify the column types or set `show_col_types = FALSE` to quiet this message.
[1] 0
Warning message:
In normalizePath(path.expand(path), winslash, mustWork) :
  path[1]="U:": The network path was not found
Warning message:
In normalizePath(path.expand(path), winslash, mustWork) :
  path[1]="U:": The network path was not found
Warning message:
In normalizePath(path.expand(path), winslash, mustWork) :
  path[1]="U:": The network path was not found
Warning message:
In normalizePath(path.expand(path), winslash, mustWork) :
  path[1]="U:": The network path was not found
Warning message:
In normalizePath(path.expand(path), winslash, mustWork) :
  path[1]="U:": The network path was not found
C:\R_projects\dict\_initial_draft.R:21:10: style: Place a space before left parenthesis, except in a function call.
  slice(-(c(137, 138, 152)))
         ^
Styling  1  files:
 token_generation.R ⚠ 
────────────────────────────────────────
Status	Count	Legend 
✔ 	0	File unchanged.
ℹ 	0	File changed.
✖ 	1	Styling threw an error.
────────────────────────────────────────
Warning messages:
1: In file(con, "r") :
  cannot open file 'token_generation.R': No such file or directory
2: When processing token_generation.R: cannot open the connection 
Rows: 200 Columns: 1
── Column specification ────────────────────────────────────────────────────────
Delimiter: ","
chr (1): Animus - feeling of ill will or hostility

ℹ Use `spec()` to retrieve the full column specification for this data.
ℹ Specify the column types or set `show_col_types = FALSE` to quiet this message.
Rows: 15428 Columns: 1
── Column specification ────────────────────────────────────────────────────────
Delimiter: ","
chr (1): P () the sixteenth letter of the English alphabet, is a nonvocal co...

ℹ Use `spec()` to retrieve the full column specification for this data.
ℹ Specify the column types or set `show_col_types = FALSE` to quiet this message.
[1] 0
Warning message:
In normalizePath(path.expand(path), winslash, mustWork) :
  path[1]="U:": The network path was not found
Warning message:
In normalizePath(path.expand(path), winslash, mustWork) :
  path[1]="U:": The network path was not found
Warning message:
In normalizePath(path.expand(path), winslash, mustWork) :
  path[1]="U:": The network path was not found
Warning message:
In normalizePath(path.expand(path), winslash, mustWork) :
  path[1]="U:": The network path was not found
Warning message:
In normalizePath(path.expand(path), winslash, mustWork) :
  path[1]="U:": The network path was not found
C:\R_projects\dict\_initial_draft.R:21:10: style: Place a space before left parenthesis, except in a function call.
  slice(-(c(137, 138, 152)))
         ^
Styling  1  files:
 token_generation.R ⚠ 
────────────────────────────────────────
Status	Count	Legend 
✔ 	0	File unchanged.
ℹ 	0	File changed.
✖ 	1	Styling threw an error.
────────────────────────────────────────
Warning messages:
1: In file(con, "r") :
  cannot open file 'token_generation.R': No such file or directory
2: When processing token_generation.R: cannot open the connection 
Rows: 200 Columns: 1
── Column specification ────────────────────────────────────────────────────────
Delimiter: ","
chr (1): Animus - feeling of ill will or hostility

ℹ Use `spec()` to retrieve the full column specification for this data.
ℹ Specify the column types or set `show_col_types = FALSE` to quiet this message.
Rows: 15428 Columns: 1
── Column specification ────────────────────────────────────────────────────────
Delimiter: ","
chr (1): P () the sixteenth letter of the English alphabet, is a nonvocal co...

ℹ Use `spec()` to retrieve the full column specification for this data.
ℹ Specify the column types or set `show_col_types = FALSE` to quiet this message.
[1] 0
Warning message:
In normalizePath(path.expand(path), winslash, mustWork) :
  path[1]="U:": The network path was not found
Warning message:
In normalizePath(path.expand(path), winslash, mustWork) :
  path[1]="U:": The network path was not found
Warning message:
In normalizePath(path.expand(path), winslash, mustWork) :
  path[1]="U:": The network path was not found
Warning message:
In normalizePath(path.expand(path), winslash, mustWork) :
  path[1]="U:": The network path was not found
Warning message:
In normalizePath(path.expand(path), winslash, mustWork) :
  path[1]="U:": The network path was not found
C:\R_projects\dict\_initial_draft.R:21:10: style: Place a space before left parenthesis, except in a function call.
  slice(-(c(137, 138, 152)))
         ^
Styling  1  files:
 token_generation.R ⚠ 
────────────────────────────────────────
Status	Count	Legend 
✔ 	0	File unchanged.
ℹ 	0	File changed.
✖ 	1	Styling threw an error.
────────────────────────────────────────
Warning messages:
1: In file(con, "r") :
  cannot open file 'token_generation.R': No such file or directory
2: When processing token_generation.R: cannot open the connection 
Rows: 200 Columns: 1
── Column specification ────────────────────────────────────────────────────────
Delimiter: ","
chr (1): Animus - feeling of ill will or hostility

ℹ Use `spec()` to retrieve the full column specification for this data.
ℹ Specify the column types or set `show_col_types = FALSE` to quiet this message.
Rows: 11615 Columns: 1
── Column specification ────────────────────────────────────────────────────────
Delimiter: ","
chr (1): A () The first letter of the English and of many other alphabets. T...

ℹ Use `spec()` to retrieve the full column specification for this data.
ℹ Specify the column types or set `show_col_types = FALSE` to quiet this message.
[1] 0
Warning message:
In normalizePath(path.expand(path), winslash, mustWork) :
  path[1]="U:": The network path was not found
Warning message:
In normalizePath(path.expand(path), winslash, mustWork) :
  path[1]="U:": The network path was not found
Warning message:
In normalizePath(path.expand(path), winslash, mustWork) :
  path[1]="U:": The network path was not found
Warning message:
In normalizePath(path.expand(path), winslash, mustWork) :
  path[1]="U:": The network path was not found
Warning message:
In normalizePath(path.expand(path), winslash, mustWork) :
  path[1]="U:": The network path was not found
C:\R_projects\dict\_initial_draft.R:21:10: style: Place a space before left parenthesis, except in a function call.
  slice(-(c(137, 138, 152)))
         ^
Styling  1  files:
 token_generation.R ⚠ 
────────────────────────────────────────
Status	Count	Legend 
✔ 	0	File unchanged.
ℹ 	0	File changed.
✖ 	1	Styling threw an error.
────────────────────────────────────────
Warning messages:
1: In file(con, "r") :
  cannot open file 'token_generation.R': No such file or directory
2: When processing token_generation.R: cannot open the connection 
Rows: 200 Columns: 1
── Column specification ────────────────────────────────────────────────────────
Delimiter: ","
chr (1): Animus - feeling of ill will or hostility

ℹ Use `spec()` to retrieve the full column specification for this data.
ℹ Specify the column types or set `show_col_types = FALSE` to quiet this message.
Rows: 21503 Columns: 1
── Column specification ────────────────────────────────────────────────────────
Delimiter: ","
chr (1): S () the nineteenth letter of the English alphabet, is a consonant,...

ℹ Use `spec()` to retrieve the full column specification for this data.
ℹ Specify the column types or set `show_col_types = FALSE` to quiet this message.
[1] 0
Warning message:
In normalizePath(path.expand(path), winslash, mustWork) :
  path[1]="U:": The network path was not found
Warning message:
In normalizePath(path.expand(path), winslash, mustWork) :
  path[1]="U:": The network path was not found
Warning message:
In normalizePath(path.expand(path), winslash, mustWork) :
  path[1]="U:": The network path was not found
Warning message:
In normalizePath(path.expand(path), winslash, mustWork) :
  path[1]="U:": The network path was not found
Warning message:
In normalizePath(path.expand(path), winslash, mustWork) :
  path[1]="U:": The network path was not found
C:\R_projects\dict\_initial_draft.R:21:10: style: Place a space before left parenthesis, except in a function call.
  slice(-(c(137, 138, 152)))
         ^
Styling  1  files:
 token_generation.R ⚠ 
────────────────────────────────────────
Status	Count	Legend 
✔ 	0	File unchanged.
ℹ 	0	File changed.
✖ 	1	Styling threw an error.
────────────────────────────────────────
Warning messages:
1: In file(con, "r") :
  cannot open file 'token_generation.R': No such file or directory
2: When processing token_generation.R: cannot open the connection 
Rows: 200 Columns: 1
── Column specification ────────────────────────────────────────────────────────
Delimiter: ","
chr (1): Animus - feeling of ill will or hostility

ℹ Use `spec()` to retrieve the full column specification for this data.
ℹ Specify the column types or set `show_col_types = FALSE` to quiet this message.
Rows: 16735 Columns: 1
── Column specification ────────────────────────────────────────────────────────
Delimiter: ","
chr (1): C () C is the third letter of the English alphabet. It is from the ...

ℹ Use `spec()` to retrieve the full column specification for this data.
ℹ Specify the column types or set `show_col_types = FALSE` to quiet this message.
[1] 0
Warning message:
In normalizePath(path.expand(path), winslash, mustWork) :
  path[1]="U:": The network path was not found
Warning message:
In normalizePath(path.expand(path), winslash, mustWork) :
  path[1]="U:": The network path was not found
Warning message:
In normalizePath(path.expand(path), winslash, mustWork) :
  path[1]="U:": The network path was not found
Warning message:
In normalizePath(path.expand(path), winslash, mustWork) :
  path[1]="U:": The network path was not found
Warning message:
In normalizePath(path.expand(path), winslash, mustWork) :
  path[1]="U:": The network path was not found
C:\R_projects\dict\_initial_draft.R:21:10: style: Place a space before left parenthesis, except in a function call.
  slice(-(c(137, 138, 152)))
         ^
Styling  1  files:
 token_generation.R ⚠ 
────────────────────────────────────────
Status	Count	Legend 
✔ 	0	File unchanged.
ℹ 	0	File changed.
✖ 	1	Styling threw an error.
────────────────────────────────────────
Warning messages:
1: In file(con, "r") :
  cannot open file 'token_generation.R': No such file or directory
2: When processing token_generation.R: cannot open the connection 
Rows: 200 Columns: 1
── Column specification ────────────────────────────────────────────────────────
Delimiter: ","
chr (1): Animus - feeling of ill will or hostility

ℹ Use `spec()` to retrieve the full column specification for this data.
ℹ Specify the column types or set `show_col_types = FALSE` to quiet this message.
Rows: 8845 Columns: 1
── Column specification ────────────────────────────────────────────────────────
Delimiter: ","
chr (1): M () M, the thirteenth letter of the English alphabet, is a vocal c...

ℹ Use `spec()` to retrieve the full column specification for this data.
ℹ Specify the column types or set `show_col_types = FALSE` to quiet this message.
[1] 0
Warning message:
In normalizePath(path.expand(path), winslash, mustWork) :
  path[1]="U:": The network path was not found
Warning message:
In normalizePath(path.expand(path), winslash, mustWork) :
  path[1]="U:": The network path was not found
Warning message:
In normalizePath(path.expand(path), winslash, mustWork) :
  path[1]="U:": The network path was not found
Warning message:
In normalizePath(path.expand(path), winslash, mustWork) :
  path[1]="U:": The network path was not found
Warning message:
In normalizePath(path.expand(path), winslash, mustWork) :
  path[1]="U:": The network path was not found
C:\R_projects\dict\_initial_draft.R:21:10: style: Place a space before left parenthesis, except in a function call.
  slice(-(c(137, 138, 152)))
         ^
Styling  1  files:
 token_generation.R ⚠ 
────────────────────────────────────────
Status	Count	Legend 
✔ 	0	File unchanged.
ℹ 	0	File changed.
✖ 	1	Styling threw an error.
────────────────────────────────────────
Warning messages:
1: In file(con, "r") :
  cannot open file 'token_generation.R': No such file or directory
2: When processing token_generation.R: cannot open the connection 
Rows: 200 Columns: 1
── Column specification ────────────────────────────────────────────────────────
Delimiter: ","
chr (1): Animus - feeling of ill will or hostility

ℹ Use `spec()` to retrieve the full column specification for this data.
ℹ Specify the column types or set `show_col_types = FALSE` to quiet this message.
Rows: 9876 Columns: 1
── Column specification ────────────────────────────────────────────────────────
Delimiter: ","
chr (1): B () is the second letter of the English alphabet. (See Guide to Pr...

ℹ Use `spec()` to retrieve the full column specification for this data.
ℹ Specify the column types or set `show_col_types = FALSE` to quiet this message.
[1] 0
Warning message:
In normalizePath(path.expand(path), winslash, mustWork) :
  path[1]="U:": The network path was not found
Warning message:
In normalizePath(path.expand(path), winslash, mustWork) :
  path[1]="U:": The network path was not found
Warning message:
In normalizePath(path.expand(path), winslash, mustWork) :
  path[1]="U:": The network path was not found
Warning message:
In normalizePath(path.expand(path), winslash, mustWork) :
  path[1]="U:": The network path was not found
Warning message:
In normalizePath(path.expand(path), winslash, mustWork) :
  path[1]="U:": The network path was not found
C:\R_projects\dict\_initial_draft.R:21:10: style: Place a space before left parenthesis, except in a function call.
  slice(-(c(137, 138, 152)))
         ^
Styling  1  files:
 token_generation.R ⚠ 
────────────────────────────────────────
Status	Count	Legend 
✔ 	0	File unchanged.
ℹ 	0	File changed.
✖ 	1	Styling threw an error.
────────────────────────────────────────
Warning messages:
1: In file(con, "r") :
  cannot open file 'token_generation.R': No such file or directory
2: When processing token_generation.R: cannot open the connection 
Rows: 200 Columns: 1
── Column specification ────────────────────────────────────────────────────────
Delimiter: ","
chr (1): Animus - feeling of ill will or hostility

ℹ Use `spec()` to retrieve the full column specification for this data.
ℹ Specify the column types or set `show_col_types = FALSE` to quiet this message.
Rows: 7782 Columns: 1
── Column specification ────────────────────────────────────────────────────────
Delimiter: ","
chr (1): I () I, the ninth letter of the English alphabet, takes its form fr...

ℹ Use `spec()` to retrieve the full column specification for this data.
ℹ Specify the column types or set `show_col_types = FALSE` to quiet this message.
[1] 0
Warning message:
In normalizePath(path.expand(path), winslash, mustWork) :
  path[1]="U:": The network path was not found
Warning message:
In normalizePath(path.expand(path), winslash, mustWork) :
  path[1]="U:": The network path was not found
Warning message:
In normalizePath(path.expand(path), winslash, mustWork) :
  path[1]="U:": The network path was not found
Warning message:
In normalizePath(path.expand(path), winslash, mustWork) :
  path[1]="U:": The network path was not found
Warning message:
In normalizePath(path.expand(path), winslash, mustWork) :
  path[1]="U:": The network path was not found
C:\R_projects\dict\_initial_draft.R:21:10: style: Place a space before left parenthesis, except in a function call.
  slice(-(c(137, 138, 152)))
         ^
Styling  1  files:
 token_generation.R ⚠ 
────────────────────────────────────────
Status	Count	Legend 
✔ 	0	File unchanged.
ℹ 	0	File changed.
✖ 	1	Styling threw an error.
────────────────────────────────────────
Warning messages:
1: In file(con, "r") :
  cannot open file 'token_generation.R': No such file or directory
2: When processing token_generation.R: cannot open the connection 
Rows: 200 Columns: 1
── Column specification ────────────────────────────────────────────────────────
Delimiter: ","
chr (1): Animus - feeling of ill will or hostility

ℹ Use `spec()` to retrieve the full column specification for this data.
ℹ Specify the column types or set `show_col_types = FALSE` to quiet this message.
Rows: 7519 Columns: 1
── Column specification ────────────────────────────────────────────────────────
Delimiter: ","
chr (1): E () The fifth letter of the English alphabet.

ℹ Use `spec()` to retrieve the full column specification for this data.
ℹ Specify the column types or set `show_col_types = FALSE` to quiet this message.
[1] 0
Warning message:
In normalizePath(path.expand(path), winslash, mustWork) :
  path[1]="U:": The network path was not found
Warning message:
In normalizePath(path.expand(path), winslash, mustWork) :
  path[1]="U:": The network path was not found
Warning message:
In normalizePath(path.expand(path), winslash, mustWork) :
  path[1]="U:": The network path was not found
Warning message:
In normalizePath(path.expand(path), winslash, mustWork) :
  path[1]="U:": The network path was not found
Warning message:
In normalizePath(path.expand(path), winslash, mustWork) :
  path[1]="U:": The network path was not found
C:\R_projects\dict\_initial_draft.R:21:10: style: Place a space before left parenthesis, except in a function call.
  slice(-(c(137, 138, 152)))
         ^
Styling  1  files:
 token_generation.R ⚠ 
────────────────────────────────────────
Status	Count	Legend 
✔ 	0	File unchanged.
ℹ 	0	File changed.
✖ 	1	Styling threw an error.
────────────────────────────────────────
Warning messages:
1: In file(con, "r") :
  cannot open file 'token_generation.R': No such file or directory
2: When processing token_generation.R: cannot open the connection 
Rows: 200 Columns: 1
── Column specification ────────────────────────────────────────────────────────
Delimiter: ","
chr (1): Animus - feeling of ill will or hostility

ℹ Use `spec()` to retrieve the full column specification for this data.
ℹ Specify the column types or set `show_col_types = FALSE` to quiet this message.
Rows: 7782 Columns: 1
── Column specification ────────────────────────────────────────────────────────
Delimiter: ","
chr (1): I () I, the ninth letter of the English alphabet, takes its form fr...

ℹ Use `spec()` to retrieve the full column specification for this data.
ℹ Specify the column types or set `show_col_types = FALSE` to quiet this message.
[1] 0
